<?xml version="1.0" encoding="UTF-8"?>
<!-- Generated by org.testng.reporters.JUnitReportReporter -->
<testsuite hostname="Mina-10" failures="0" tests="1" name="Tests.UnSuccessfullLoginAttempt" time="10.434" errors="0" timestamp="2024-07-03T00:06:21 EET" skipped="0">
  <testcase classname="Tests.UnSuccessfullLoginAttempt" name="TestUnSuccessfullLogin" time="10.434"/>
  <system-out/>
</testsuite> <!-- Tests.UnSuccessfullLoginAttempt -->
