<?xml version="1.0" encoding="UTF-8"?>
<!-- Generated by org.testng.reporters.JUnitReportReporter -->
<testsuite hostname="Mina-10" failures="0" tests="1" name="Tests.PurchaseFromAmazon" time="330.385" errors="0" timestamp="2024-07-03T20:51:13 EET" skipped="0">
  <testcase classname="Tests.PurchaseFromAmazon" name="PurchaseAmazon" time="330.385"/>
  <system-out/>
</testsuite> <!-- Tests.PurchaseFromAmazon -->
